<?xml version="1.0" encoding="UTF-8"?>
<!-- Generated by org.testng.reporters.JUnitXMLReporter -->
<testsuite ignored="0" hostname="MindSDET699" failures="0" tests="10" name="Default test" time="127.009" errors="0" timestamp="2022-01-22T10:10:59 GMT+05:30">
  <testcase classname="TestCases.Hybridframework" name="TestCase1" time="0.484"/>
  <testcase classname="TestCases.Hybridframework" name="TestCase2" time="1.174"/>
  <testcase classname="TestCases.Hybridframework" name="TestCase3" time="0.728"/>
  <testcase classname="TestCases.Hybridframework" name="TestCase4" time="1.902"/>
  <testcase classname="TestCases.Hybridframework" name="TestCase5" time="3.923"/>
  <testcase classname="TestCases.Hybridframework" name="Testcase6" time="11.172"/>
  <testcase classname="TestCases.Hybridframework" name="test7" time="0.367"/>
  <testcase classname="TestCases.Hybridframework" name="test8" time="18.179"/>
  <testcase classname="TestCases.Hybridframework" name="test9" time="20.44"/>
  <testcase classname="TestCases.Hybridframework" name="test10" time="8.023"/>
</testsuite> <!-- Default test -->
