<?xml version="1.0" encoding="UTF-8"?>
<testng-results ignored="0" total="10" passed="10" failed="0" skipped="0">
  <reporter-output>
  </reporter-output>
  <suite started-at="2022-01-22T10:08:52 GMT+05:30" name="Default suite" finished-at="2022-01-22T10:10:59 GMT+05:30" duration-ms="127009">
    <groups>
    </groups>
    <test started-at="2022-01-22T10:08:52 GMT+05:30" name="Default test" finished-at="2022-01-22T10:10:59 GMT+05:30" duration-ms="127009">
      <class name="TestCases.Hybridframework">
        <test-method is-config="true" signature="Before()[pri:0, instance:TestCases.Hybridframework@31ff43be]" started-at="2022-01-22T10:08:52 GMT+05:30" name="Before" finished-at="2022-01-22T10:08:59 GMT+05:30" duration-ms="7108" status="PASS">
          <reporter-output>
          </reporter-output>
        </test-method> <!-- Before -->
        <test-method signature="TestCase1()[pri:1, instance:TestCases.Hybridframework@31ff43be]" started-at="2022-01-22T10:08:59 GMT+05:30" name="TestCase1" finished-at="2022-01-22T10:09:00 GMT+05:30" duration-ms="484" status="PASS">
          <reporter-output>
          </reporter-output>
        </test-method> <!-- TestCase1 -->
        <test-method is-config="true" signature="After()[pri:0, instance:TestCases.Hybridframework@31ff43be]" started-at="2022-01-22T10:09:00 GMT+05:30" name="After" finished-at="2022-01-22T10:09:00 GMT+05:30" duration-ms="799" status="PASS">
          <reporter-output>
          </reporter-output>
        </test-method> <!-- After -->
        <test-method is-config="true" signature="Before()[pri:0, instance:TestCases.Hybridframework@31ff43be]" started-at="2022-01-22T10:09:00 GMT+05:30" name="Before" finished-at="2022-01-22T10:09:06 GMT+05:30" duration-ms="5415" status="PASS">
          <reporter-output>
          </reporter-output>
        </test-method> <!-- Before -->
        <test-method signature="TestCase2()[pri:2, instance:TestCases.Hybridframework@31ff43be]" started-at="2022-01-22T10:09:06 GMT+05:30" name="TestCase2" finished-at="2022-01-22T10:09:07 GMT+05:30" duration-ms="1174" status="PASS">
          <reporter-output>
          </reporter-output>
        </test-method> <!-- TestCase2 -->
        <test-method is-config="true" signature="After()[pri:0, instance:TestCases.Hybridframework@31ff43be]" started-at="2022-01-22T10:09:07 GMT+05:30" name="After" finished-at="2022-01-22T10:09:08 GMT+05:30" duration-ms="1246" status="PASS">
          <reporter-output>
          </reporter-output>
        </test-method> <!-- After -->
        <test-method is-config="true" signature="Before()[pri:0, instance:TestCases.Hybridframework@31ff43be]" started-at="2022-01-22T10:09:08 GMT+05:30" name="Before" finished-at="2022-01-22T10:09:12 GMT+05:30" duration-ms="3397" status="PASS">
          <reporter-output>
          </reporter-output>
        </test-method> <!-- Before -->
        <test-method signature="TestCase3()[pri:3, instance:TestCases.Hybridframework@31ff43be]" started-at="2022-01-22T10:09:12 GMT+05:30" name="TestCase3" finished-at="2022-01-22T10:09:12 GMT+05:30" duration-ms="728" status="PASS">
          <reporter-output>
          </reporter-output>
        </test-method> <!-- TestCase3 -->
        <test-method is-config="true" signature="After()[pri:0, instance:TestCases.Hybridframework@31ff43be]" started-at="2022-01-22T10:09:12 GMT+05:30" name="After" finished-at="2022-01-22T10:09:13 GMT+05:30" duration-ms="708" status="PASS">
          <reporter-output>
          </reporter-output>
        </test-method> <!-- After -->
        <test-method is-config="true" signature="Before()[pri:0, instance:TestCases.Hybridframework@31ff43be]" started-at="2022-01-22T10:09:13 GMT+05:30" name="Before" finished-at="2022-01-22T10:09:19 GMT+05:30" duration-ms="5485" status="PASS">
          <reporter-output>
          </reporter-output>
        </test-method> <!-- Before -->
        <test-method signature="TestCase4()[pri:4, instance:TestCases.Hybridframework@31ff43be]" started-at="2022-01-22T10:09:19 GMT+05:30" name="TestCase4" finished-at="2022-01-22T10:09:20 GMT+05:30" duration-ms="1902" status="PASS">
          <reporter-output>
          </reporter-output>
        </test-method> <!-- TestCase4 -->
        <test-method is-config="true" signature="After()[pri:0, instance:TestCases.Hybridframework@31ff43be]" started-at="2022-01-22T10:09:20 GMT+05:30" name="After" finished-at="2022-01-22T10:09:21 GMT+05:30" duration-ms="720" status="PASS">
          <reporter-output>
          </reporter-output>
        </test-method> <!-- After -->
        <test-method is-config="true" signature="Before()[pri:0, instance:TestCases.Hybridframework@31ff43be]" started-at="2022-01-22T10:09:21 GMT+05:30" name="Before" finished-at="2022-01-22T10:09:25 GMT+05:30" duration-ms="3381" status="PASS">
          <reporter-output>
          </reporter-output>
        </test-method> <!-- Before -->
        <test-method signature="TestCase5()[pri:5, instance:TestCases.Hybridframework@31ff43be]" started-at="2022-01-22T10:09:25 GMT+05:30" name="TestCase5" finished-at="2022-01-22T10:09:28 GMT+05:30" duration-ms="3923" status="PASS">
          <reporter-output>
          </reporter-output>
        </test-method> <!-- TestCase5 -->
        <test-method is-config="true" signature="After()[pri:0, instance:TestCases.Hybridframework@31ff43be]" started-at="2022-01-22T10:09:28 GMT+05:30" name="After" finished-at="2022-01-22T10:09:29 GMT+05:30" duration-ms="738" status="PASS">
          <reporter-output>
          </reporter-output>
        </test-method> <!-- After -->
        <test-method is-config="true" signature="Before()[pri:0, instance:TestCases.Hybridframework@31ff43be]" started-at="2022-01-22T10:09:29 GMT+05:30" name="Before" finished-at="2022-01-22T10:09:35 GMT+05:30" duration-ms="5441" status="PASS">
          <reporter-output>
          </reporter-output>
        </test-method> <!-- Before -->
        <test-method signature="Testcase6()[pri:6, instance:TestCases.Hybridframework@31ff43be]" started-at="2022-01-22T10:09:35 GMT+05:30" name="Testcase6" finished-at="2022-01-22T10:09:46 GMT+05:30" duration-ms="11172" status="PASS">
          <reporter-output>
          </reporter-output>
        </test-method> <!-- Testcase6 -->
        <test-method is-config="true" signature="After()[pri:0, instance:TestCases.Hybridframework@31ff43be]" started-at="2022-01-22T10:09:46 GMT+05:30" name="After" finished-at="2022-01-22T10:09:47 GMT+05:30" duration-ms="789" status="PASS">
          <reporter-output>
          </reporter-output>
        </test-method> <!-- After -->
        <test-method is-config="true" signature="Before()[pri:0, instance:TestCases.Hybridframework@31ff43be]" started-at="2022-01-22T10:09:47 GMT+05:30" name="Before" finished-at="2022-01-22T10:09:52 GMT+05:30" duration-ms="5284" status="PASS">
          <reporter-output>
          </reporter-output>
        </test-method> <!-- Before -->
        <test-method signature="test7()[pri:7, instance:TestCases.Hybridframework@31ff43be]" started-at="2022-01-22T10:09:52 GMT+05:30" name="test7" finished-at="2022-01-22T10:09:52 GMT+05:30" duration-ms="367" status="PASS">
          <reporter-output>
          </reporter-output>
        </test-method> <!-- test7 -->
        <test-method is-config="true" signature="After()[pri:0, instance:TestCases.Hybridframework@31ff43be]" started-at="2022-01-22T10:09:52 GMT+05:30" name="After" finished-at="2022-01-22T10:09:53 GMT+05:30" duration-ms="710" status="PASS">
          <reporter-output>
          </reporter-output>
        </test-method> <!-- After -->
        <test-method is-config="true" signature="Before()[pri:0, instance:TestCases.Hybridframework@31ff43be]" started-at="2022-01-22T10:09:53 GMT+05:30" name="Before" finished-at="2022-01-22T10:09:58 GMT+05:30" duration-ms="5381" status="PASS">
          <reporter-output>
          </reporter-output>
        </test-method> <!-- Before -->
        <test-method signature="test8()[pri:8, instance:TestCases.Hybridframework@31ff43be]" started-at="2022-01-22T10:09:58 GMT+05:30" name="test8" finished-at="2022-01-22T10:10:17 GMT+05:30" duration-ms="18179" status="PASS">
          <reporter-output>
          </reporter-output>
        </test-method> <!-- test8 -->
        <test-method is-config="true" signature="After()[pri:0, instance:TestCases.Hybridframework@31ff43be]" started-at="2022-01-22T10:10:17 GMT+05:30" name="After" finished-at="2022-01-22T10:10:17 GMT+05:30" duration-ms="762" status="PASS">
          <reporter-output>
          </reporter-output>
        </test-method> <!-- After -->
        <test-method is-config="true" signature="Before()[pri:0, instance:TestCases.Hybridframework@31ff43be]" started-at="2022-01-22T10:10:17 GMT+05:30" name="Before" finished-at="2022-01-22T10:10:23 GMT+05:30" duration-ms="5482" status="PASS">
          <reporter-output>
          </reporter-output>
        </test-method> <!-- Before -->
        <test-method signature="test9()[pri:9, instance:TestCases.Hybridframework@31ff43be]" started-at="2022-01-22T10:10:23 GMT+05:30" name="test9" finished-at="2022-01-22T10:10:43 GMT+05:30" duration-ms="20440" status="PASS">
          <reporter-output>
          </reporter-output>
        </test-method> <!-- test9 -->
        <test-method is-config="true" signature="After()[pri:0, instance:TestCases.Hybridframework@31ff43be]" started-at="2022-01-22T10:10:43 GMT+05:30" name="After" finished-at="2022-01-22T10:10:44 GMT+05:30" duration-ms="719" status="PASS">
          <reporter-output>
          </reporter-output>
        </test-method> <!-- After -->
        <test-method is-config="true" signature="Before()[pri:0, instance:TestCases.Hybridframework@31ff43be]" started-at="2022-01-22T10:10:44 GMT+05:30" name="Before" finished-at="2022-01-22T10:10:49 GMT+05:30" duration-ms="5375" status="PASS">
          <reporter-output>
          </reporter-output>
        </test-method> <!-- Before -->
        <test-method signature="test10()[pri:10, instance:TestCases.Hybridframework@31ff43be]" started-at="2022-01-22T10:10:49 GMT+05:30" name="test10" finished-at="2022-01-22T10:10:57 GMT+05:30" duration-ms="8023" status="PASS">
          <reporter-output>
          </reporter-output>
        </test-method> <!-- test10 -->
        <test-method is-config="true" signature="After()[pri:0, instance:TestCases.Hybridframework@31ff43be]" started-at="2022-01-22T10:10:57 GMT+05:30" name="After" finished-at="2022-01-22T10:10:59 GMT+05:30" duration-ms="1529" status="PASS">
          <reporter-output>
          </reporter-output>
        </test-method> <!-- After -->
        <test-method is-config="true" signature="flush()[pri:0, instance:TestCases.Hybridframework@31ff43be]" started-at="2022-01-22T10:10:59 GMT+05:30" name="flush" finished-at="2022-01-22T10:10:59 GMT+05:30" duration-ms="52" status="PASS">
          <reporter-output>
          </reporter-output>
        </test-method> <!-- flush -->
      </class> <!-- TestCases.Hybridframework -->
    </test> <!-- Default test -->
  </suite> <!-- Default suite -->
</testng-results>
